InnoDB: using atomic writes.
2020-03-30 15:26:21 0 [Note] InnoDB: Mutexes and rw_locks use Windows interlocked functions
2020-03-30 15:26:21 0 [Note] InnoDB: Uses event mutexes
2020-03-30 15:26:21 0 [Note] InnoDB: Compressed tables use zlib 1.2.11
2020-03-30 15:26:21 0 [Note] InnoDB: Number of pools: 1
2020-03-30 15:26:21 0 [Note] InnoDB: Using SSE2 crc32 instructions
2020-03-30 15:26:22 0 [Note] InnoDB: Initializing buffer pool, total size = 16M, instances = 1, chunk size = 16M
2020-03-30 15:26:22 0 [Note] InnoDB: Completed initialization of buffer pool
2020-03-30 15:26:22 0 [Note] InnoDB: Starting crash recovery from checkpoint LSN=300288
2020-03-30 15:26:22 0 [Note] InnoDB: 128 out of 128 rollback segments are active.
2020-03-30 15:26:22 0 [Note] InnoDB: Removed temporary tablespace data file: "ibtmp1"
2020-03-30 15:26:22 0 [Note] InnoDB: Creating shared tablespace for temporary tables
2020-03-30 15:26:22 0 [Note] InnoDB: Setting file 'C:\xampp\mysql\data\ibtmp1' size to 12 MB. Physically writing the file full; Please wait ...
2020-03-30 15:26:22 0 [Note] InnoDB: File 'C:\xampp\mysql\data\ibtmp1' size is now 12 MB.
2020-03-30 15:26:22 0 [Note] InnoDB: 10.4.11 started; log sequence number 300297; transaction id 171
2020-03-30 15:26:22 0 [Note] InnoDB: Loading buffer pool(s) from C:\xampp\mysql\data\ib_buffer_pool
2020-03-30 15:26:22 0 [Note] Plugin 'FEEDBACK' is disabled.
2020-03-30 15:26:22 0 [Note] Server socket created on IP: '::'.
2020-03-30 15:26:23 0 [Note] InnoDB: Buffer pool(s) load completed at 200330 15:26:23
2020-03-30 15:26:23 0 [Note] Reading of all Master_info entries succeeded
2020-03-30 15:26:23 0 [Note] Added new Master_info '' to hash table
2020-03-30 15:26:23 0 [Note] C:\xampp\mysql\bin\mysqld.exe: ready for connections.
Version: '10.4.11-MariaDB'  socket: ''  port: 3306  mariadb.org binary distribution
2020-03-30 16:50:45 0 [Note] C:\xampp\mysql\bin\mysqld.exe (initiated by: unknown): Normal shutdown
2020-03-30 16:50:45 0 [Note] Event Scheduler: Purging the queue. 0 events
2020-03-30 16:50:45 0 [Note] InnoDB: FTS optimize thread exiting.
2020-03-30 16:50:45 0 [Note] InnoDB: Starting shutdown...
2020-03-30 16:50:45 0 [Note] InnoDB: Dumping buffer pool(s) to C:\xampp\mysql\data\ib_buffer_pool
2020-03-30 16:50:45 0 [Note] InnoDB: Instance 0, restricted to 250 pages due to innodb_buf_pool_dump_pct=25
2020-03-30 16:50:45 0 [Note] InnoDB: Buffer pool(s) dump completed at 200330 16:50:45
2020-03-30 16:50:48 0 [Note] InnoDB: Shutdown completed; log sequence number 300315; transaction id 172
2020-03-30 16:50:48 0 [Note] InnoDB: Removed temporary tablespace data file: "ibtmp1"
2020-03-30 16:50:48 0 [Note] C:\xampp\mysql\bin\mysqld.exe: Shutdown complete

InnoDB: using atomic writes.
2020-03-31  9:40:30 0 [Note] InnoDB: Mutexes and rw_locks use Windows interlocked functions
2020-03-31  9:40:30 0 [Note] InnoDB: Uses event mutexes
2020-03-31  9:40:30 0 [Note] InnoDB: Compressed tables use zlib 1.2.11
2020-03-31  9:40:30 0 [Note] InnoDB: Number of pools: 1
2020-03-31  9:40:30 0 [Note] InnoDB: Using SSE2 crc32 instructions
2020-03-31  9:40:30 0 [Note] InnoDB: Initializing buffer pool, total size = 16M, instances = 1, chunk size = 16M
2020-03-31  9:40:30 0 [Note] InnoDB: Completed initialization of buffer pool
2020-03-31  9:40:32 0 [Note] InnoDB: 128 out of 128 rollback segments are active.
2020-03-31  9:40:32 0 [Note] InnoDB: Creating shared tablespace for temporary tables
2020-03-31  9:40:32 0 [Note] InnoDB: Setting file 'C:\xampp\mysql\data\ibtmp1' size to 12 MB. Physically writing the file full; Please wait ...
2020-03-31  9:40:32 0 [Note] InnoDB: File 'C:\xampp\mysql\data\ibtmp1' size is now 12 MB.
2020-03-31  9:40:32 0 [Note] InnoDB: Waiting for purge to start
2020-03-31  9:40:32 0 [Note] InnoDB: Waiting for purge to start
2020-03-31  9:40:32 0 [Note] InnoDB: 10.4.11 started; log sequence number 300315; transaction id 171
2020-03-31  9:40:32 0 [Note] InnoDB: Loading buffer pool(s) from C:\xampp\mysql\data\ib_buffer_pool
2020-03-31  9:40:32 0 [Note] Plugin 'FEEDBACK' is disabled.
2020-03-31  9:40:32 0 [Note] InnoDB: Buffer pool(s) load completed at 200331  9:40:32
2020-03-31  9:40:33 0 [Note] Server socket created on IP: '::'.
2020-03-31  9:40:35 0 [Note] Reading of all Master_info entries succeeded
2020-03-31  9:40:35 0 [Note] Added new Master_info '' to hash table
2020-03-31  9:40:35 0 [Note] C:\xampp\mysql\bin\mysqld.exe: ready for connections.
Version: '10.4.11-MariaDB'  socket: ''  port: 3306  mariadb.org binary distribution
2020-03-31 10:56:24 0 [Note] C:\xampp\mysql\bin\mysqld.exe (initiated by: unknown): Normal shutdown
2020-03-31 10:56:24 0 [Note] Event Scheduler: Purging the queue. 0 events
2020-03-31 10:56:24 0 [Note] InnoDB: FTS optimize thread exiting.
2020-03-31 10:56:26 0 [Note] InnoDB: Starting shutdown...
2020-03-31 10:56:26 0 [Note] InnoDB: Dumping buffer pool(s) to C:\xampp\mysql\data\ib_buffer_pool
2020-03-31 10:56:26 0 [Note] InnoDB: Instance 0, restricted to 250 pages due to innodb_buf_pool_dump_pct=25
2020-03-31 10:56:26 0 [Note] InnoDB: Buffer pool(s) dump completed at 200331 10:56:26
2020-03-31 10:56:28 0 [Note] InnoDB: Shutdown completed; log sequence number 300324; transaction id 172
2020-03-31 10:56:28 0 [Note] InnoDB: Removed temporary tablespace data file: "ibtmp1"
2020-03-31 10:56:28 0 [Note] C:\xampp\mysql\bin\mysqld.exe: Shutdown complete

InnoDB: using atomic writes.
2020-03-31 14:54:43 0 [Note] InnoDB: Mutexes and rw_locks use Windows interlocked functions
2020-03-31 14:54:43 0 [Note] InnoDB: Uses event mutexes
2020-03-31 14:54:43 0 [Note] InnoDB: Compressed tables use zlib 1.2.11
2020-03-31 14:54:43 0 [Note] InnoDB: Number of pools: 1
2020-03-31 14:54:43 0 [Note] InnoDB: Using SSE2 crc32 instructions
2020-03-31 14:54:43 0 [Note] InnoDB: Initializing buffer pool, total size = 16M, instances = 1, chunk size = 16M
2020-03-31 14:54:43 0 [Note] InnoDB: Completed initialization of buffer pool
2020-03-31 14:54:44 0 [Note] InnoDB: 128 out of 128 rollback segments are active.
2020-03-31 14:54:44 0 [Note] InnoDB: Creating shared tablespace for temporary tables
2020-03-31 14:54:44 0 [Note] InnoDB: Setting file 'C:\xampp\mysql\data\ibtmp1' size to 12 MB. Physically writing the file full; Please wait ...
2020-03-31 14:54:44 0 [Note] InnoDB: File 'C:\xampp\mysql\data\ibtmp1' size is now 12 MB.
2020-03-31 14:54:44 0 [Note] InnoDB: Waiting for purge to start
2020-03-31 14:54:44 0 [Note] InnoDB: 10.4.11 started; log sequence number 300324; transaction id 171
2020-03-31 14:54:44 0 [Note] InnoDB: Loading buffer pool(s) from C:\xampp\mysql\data\ib_buffer_pool
2020-03-31 14:54:44 0 [Note] Plugin 'FEEDBACK' is disabled.
2020-03-31 14:54:44 0 [Note] Server socket created on IP: '::'.
2020-03-31 14:54:44 0 [Note] InnoDB: Buffer pool(s) load completed at 200331 14:54:44
2020-03-31 14:54:46 0 [Note] Reading of all Master_info entries succeeded
2020-03-31 14:54:46 0 [Note] Added new Master_info '' to hash table
2020-03-31 14:54:46 0 [Note] C:\xampp\mysql\bin\mysqld.exe: ready for connections.
Version: '10.4.11-MariaDB'  socket: ''  port: 3306  mariadb.org binary distribution
2020-03-31 17:27:18 0 [Note] C:\xampp\mysql\bin\mysqld.exe (initiated by: unknown): Normal shutdown
2020-03-31 17:27:20 0 [Note] Event Scheduler: Purging the queue. 0 events
2020-03-31 17:27:20 0 [Note] InnoDB: FTS optimize thread exiting.
2020-03-31 17:27:28 0 [Note] InnoDB: Starting shutdown...
2020-03-31 17:27:28 0 [Note] InnoDB: Dumping buffer pool(s) to C:\xampp\mysql\data\ib_buffer_pool
2020-03-31 17:27:28 0 [Note] InnoDB: Instance 0, restricted to 250 pages due to innodb_buf_pool_dump_pct=25
2020-03-31 17:27:28 0 [Note] InnoDB: Buffer pool(s) dump completed at 200331 17:27:28
2020-03-31 17:27:30 0 [Note] InnoDB: Shutdown completed; log sequence number 300333; transaction id 172
2020-03-31 17:27:30 0 [Note] InnoDB: Removed temporary tablespace data file: "ibtmp1"
2020-03-31 17:27:31 0 [Note] C:\xampp\mysql\bin\mysqld.exe: Shutdown complete

InnoDB: using atomic writes.
2020-04-01 17:16:34 0 [Note] InnoDB: Mutexes and rw_locks use Windows interlocked functions
2020-04-01 17:16:34 0 [Note] InnoDB: Uses event mutexes
2020-04-01 17:16:34 0 [Note] InnoDB: Compressed tables use zlib 1.2.11
2020-04-01 17:16:34 0 [Note] InnoDB: Number of pools: 1
2020-04-01 17:16:34 0 [Note] InnoDB: Using SSE2 crc32 instructions
2020-04-01 17:16:34 0 [Note] InnoDB: Initializing buffer pool, total size = 16M, instances = 1, chunk size = 16M
2020-04-01 17:16:34 0 [Note] InnoDB: Completed initialization of buffer pool
2020-04-01 17:16:36 0 [Note] InnoDB: 128 out of 128 rollback segments are active.
2020-04-01 17:16:36 0 [Note] InnoDB: Creating shared tablespace for temporary tables
2020-04-01 17:16:36 0 [Note] InnoDB: Setting file 'C:\xampp\mysql\data\ibtmp1' size to 12 MB. Physically writing the file full; Please wait ...
2020-04-01 17:16:36 0 [Note] InnoDB: File 'C:\xampp\mysql\data\ibtmp1' size is now 12 MB.
2020-04-01 17:16:36 0 [Note] InnoDB: Waiting for purge to start
2020-04-01 17:16:36 0 [Note] InnoDB: Waiting for purge to start
2020-04-01 17:16:36 0 [Note] InnoDB: Waiting for purge to start
2020-04-01 17:16:36 0 [Note] InnoDB: Waiting for purge to start
2020-04-01 17:16:36 0 [Note] InnoDB: 10.4.11 started; log sequence number 300333; transaction id 171
2020-04-01 17:16:36 0 [Note] Plugin 'FEEDBACK' is disabled.
2020-04-01 17:16:36 0 [Note] InnoDB: Loading buffer pool(s) from C:\xampp\mysql\data\ib_buffer_pool
2020-04-01 17:16:37 0 [Note] InnoDB: Buffer pool(s) load completed at 200401 17:16:37
2020-04-01 17:16:37 0 [Note] Server socket created on IP: '::'.
2020-04-01 17:16:39 0 [Note] Reading of all Master_info entries succeeded
2020-04-01 17:16:39 0 [Note] Added new Master_info '' to hash table
2020-04-01 17:16:39 0 [Note] C:\xampp\mysql\bin\mysqld.exe: ready for connections.
Version: '10.4.11-MariaDB'  socket: ''  port: 3306  mariadb.org binary distribution
2020-04-01 18:04:50 0 [Note] C:\xampp\mysql\bin\mysqld.exe (initiated by: unknown): Normal shutdown
2020-04-01 18:04:50 0 [Note] InnoDB: FTS optimize thread exiting.
2020-04-01 18:04:50 0 [Note] Event Scheduler: Purging the queue. 0 events
2020-04-01 18:04:52 0 [Note] InnoDB: Starting shutdown...
2020-04-01 18:04:52 0 [Note] InnoDB: Dumping buffer pool(s) to C:\xampp\mysql\data\ib_buffer_pool
2020-04-01 18:04:52 0 [Note] InnoDB: Instance 0, restricted to 250 pages due to innodb_buf_pool_dump_pct=25
2020-04-01 18:04:52 0 [Note] InnoDB: Buffer pool(s) dump completed at 200401 18:04:52
2020-04-01 18:04:52 0 [Note] InnoDB: Shutdown completed; log sequence number 300342; transaction id 172
2020-04-01 18:04:52 0 [Note] InnoDB: Removed temporary tablespace data file: "ibtmp1"
2020-04-01 18:04:53 0 [Note] C:\xampp\mysql\bin\mysqld.exe: Shutdown complete

InnoDB: using atomic writes.
2020-04-06 13:48:43 0 [Note] InnoDB: Mutexes and rw_locks use Windows interlocked functions
2020-04-06 13:48:43 0 [Note] InnoDB: Uses event mutexes
2020-04-06 13:48:43 0 [Note] InnoDB: Compressed tables use zlib 1.2.11
2020-04-06 13:48:43 0 [Note] InnoDB: Number of pools: 1
2020-04-06 13:48:43 0 [Note] InnoDB: Using SSE2 crc32 instructions
2020-04-06 13:48:43 0 [Note] InnoDB: Initializing buffer pool, total size = 16M, instances = 1, chunk size = 16M
2020-04-06 13:48:43 0 [Note] InnoDB: Completed initialization of buffer pool
2020-04-06 13:48:44 0 [Note] InnoDB: 128 out of 128 rollback segments are active.
2020-04-06 13:48:44 0 [Note] InnoDB: Creating shared tablespace for temporary tables
2020-04-06 13:48:44 0 [Note] InnoDB: Setting file 'C:\xampp\mysql\data\ibtmp1' size to 12 MB. Physically writing the file full; Please wait ...
2020-04-06 13:48:44 0 [Note] InnoDB: File 'C:\xampp\mysql\data\ibtmp1' size is now 12 MB.
2020-04-06 13:48:44 0 [Note] InnoDB: Waiting for purge to start
2020-04-06 13:48:44 0 [Note] InnoDB: Waiting for purge to start
2020-04-06 13:48:44 0 [Note] InnoDB: 10.4.11 started; log sequence number 300342; transaction id 171
2020-04-06 13:48:44 0 [Note] InnoDB: Loading buffer pool(s) from C:\xampp\mysql\data\ib_buffer_pool
2020-04-06 13:48:44 0 [Note] Plugin 'FEEDBACK' is disabled.
2020-04-06 13:48:44 0 [Note] InnoDB: Buffer pool(s) load completed at 200406 13:48:44
2020-04-06 13:48:45 0 [Note] Server socket created on IP: '::'.
2020-04-06 13:48:45 0 [Note] Reading of all Master_info entries succeeded
2020-04-06 13:48:45 0 [Note] Added new Master_info '' to hash table
2020-04-06 13:48:45 0 [Note] C:\xampp\mysql\bin\mysqld.exe: ready for connections.
Version: '10.4.11-MariaDB'  socket: ''  port: 3306  mariadb.org binary distribution
2020-04-06 17:34:43 0 [Note] C:\xampp\mysql\bin\mysqld.exe (initiated by: unknown): Normal shutdown
2020-04-06 17:34:43 0 [Note] InnoDB: FTS optimize thread exiting.
2020-04-06 17:34:43 0 [Note] Event Scheduler: Purging the queue. 0 events
2020-04-06 17:34:43 0 [Note] InnoDB: Starting shutdown...
2020-04-06 17:34:43 0 [Note] InnoDB: Dumping buffer pool(s) to C:\xampp\mysql\data\ib_buffer_pool
2020-04-06 17:34:43 0 [Note] InnoDB: Instance 0, restricted to 250 pages due to innodb_buf_pool_dump_pct=25
2020-04-06 17:34:43 0 [Note] InnoDB: Buffer pool(s) dump completed at 200406 17:34:43
2020-04-06 17:34:44 0 [Note] InnoDB: Shutdown completed; log sequence number 300351; transaction id 172
2020-04-06 17:34:44 0 [Note] InnoDB: Removed temporary tablespace data file: "ibtmp1"
2020-04-06 17:34:44 0 [Note] C:\xampp\mysql\bin\mysqld.exe: Shutdown complete

InnoDB: using atomic writes.
2020-04-13  9:53:11 0 [Note] InnoDB: Mutexes and rw_locks use Windows interlocked functions
2020-04-13  9:53:11 0 [Note] InnoDB: Uses event mutexes
2020-04-13  9:53:11 0 [Note] InnoDB: Compressed tables use zlib 1.2.11
2020-04-13  9:53:11 0 [Note] InnoDB: Number of pools: 1
2020-04-13  9:53:11 0 [Note] InnoDB: Using SSE2 crc32 instructions
2020-04-13  9:53:11 0 [Note] InnoDB: Initializing buffer pool, total size = 16M, instances = 1, chunk size = 16M
2020-04-13  9:53:11 0 [Note] InnoDB: Completed initialization of buffer pool
2020-04-13  9:53:12 0 [Note] InnoDB: 128 out of 128 rollback segments are active.
2020-04-13  9:53:12 0 [Note] InnoDB: Creating shared tablespace for temporary tables
2020-04-13  9:53:12 0 [Note] InnoDB: Setting file 'C:\xampp\mysql\data\ibtmp1' size to 12 MB. Physically writing the file full; Please wait ...
2020-04-13  9:53:12 0 [Note] InnoDB: File 'C:\xampp\mysql\data\ibtmp1' size is now 12 MB.
2020-04-13  9:53:12 0 [Note] InnoDB: Waiting for purge to start
2020-04-13  9:53:12 0 [Note] InnoDB: 10.4.11 started; log sequence number 300351; transaction id 171
2020-04-13  9:53:12 0 [Note] InnoDB: Loading buffer pool(s) from C:\xampp\mysql\data\ib_buffer_pool
2020-04-13  9:53:12 0 [Note] Plugin 'FEEDBACK' is disabled.
2020-04-13  9:53:12 0 [Note] Server socket created on IP: '::'.
2020-04-13  9:53:12 0 [Note] InnoDB: Buffer pool(s) load completed at 200413  9:53:12
2020-04-13  9:53:13 0 [Note] Reading of all Master_info entries succeeded
2020-04-13  9:53:13 0 [Note] Added new Master_info '' to hash table
2020-04-13  9:53:13 0 [Note] C:\xampp\mysql\bin\mysqld.exe: ready for connections.
Version: '10.4.11-MariaDB'  socket: ''  port: 3306  mariadb.org binary distribution
2020-04-13 11:26:25 0 [Note] C:\xampp\mysql\bin\mysqld.exe (initiated by: unknown): Normal shutdown
2020-04-13 11:26:25 0 [Note] InnoDB: FTS optimize thread exiting.
2020-04-13 11:26:25 0 [Note] Event Scheduler: Purging the queue. 0 events
2020-04-13 11:26:30 0 [Note] InnoDB: Starting shutdown...
2020-04-13 11:26:30 0 [Note] InnoDB: Dumping buffer pool(s) to C:\xampp\mysql\data\ib_buffer_pool
2020-04-13 11:26:30 0 [Note] InnoDB: Instance 0, restricted to 250 pages due to innodb_buf_pool_dump_pct=25
2020-04-13 11:26:30 0 [Note] InnoDB: Buffer pool(s) dump completed at 200413 11:26:30
2020-04-13 11:26:31 0 [Note] InnoDB: Shutdown completed; log sequence number 300360; transaction id 172
2020-04-13 11:26:31 0 [Note] InnoDB: Removed temporary tablespace data file: "ibtmp1"
2020-04-13 11:26:34 0 [Note] C:\xampp\mysql\bin\mysqld.exe: Shutdown complete

InnoDB: using atomic writes.
2020-04-16 12:01:31 0 [Note] InnoDB: Mutexes and rw_locks use Windows interlocked functions
2020-04-16 12:01:31 0 [Note] InnoDB: Uses event mutexes
2020-04-16 12:01:31 0 [Note] InnoDB: Compressed tables use zlib 1.2.11
2020-04-16 12:01:31 0 [Note] InnoDB: Number of pools: 1
2020-04-16 12:01:31 0 [Note] InnoDB: Using SSE2 crc32 instructions
2020-04-16 12:01:31 0 [Note] InnoDB: Initializing buffer pool, total size = 16M, instances = 1, chunk size = 16M
2020-04-16 12:01:31 0 [Note] InnoDB: Completed initialization of buffer pool
2020-04-16 12:01:31 0 [Note] InnoDB: 128 out of 128 rollback segments are active.
2020-04-16 12:01:31 0 [Note] InnoDB: Creating shared tablespace for temporary tables
2020-04-16 12:01:31 0 [Note] InnoDB: Setting file 'C:\xampp\mysql\data\ibtmp1' size to 12 MB. Physically writing the file full; Please wait ...
2020-04-16 12:01:31 0 [Note] InnoDB: File 'C:\xampp\mysql\data\ibtmp1' size is now 12 MB.
2020-04-16 12:01:31 0 [Note] InnoDB: Waiting for purge to start
2020-04-16 12:01:31 0 [Note] InnoDB: 10.4.11 started; log sequence number 300360; transaction id 171
2020-04-16 12:01:31 0 [Note] InnoDB: Loading buffer pool(s) from C:\xampp\mysql\data\ib_buffer_pool
2020-04-16 12:01:31 0 [Note] Plugin 'FEEDBACK' is disabled.
2020-04-16 12:01:32 0 [Note] InnoDB: Buffer pool(s) load completed at 200416 12:01:32
2020-04-16 12:01:32 0 [Note] Server socket created on IP: '::'.
2020-04-16 12:01:33 0 [Note] Reading of all Master_info entries succeeded
2020-04-16 12:01:33 0 [Note] Added new Master_info '' to hash table
2020-04-16 12:01:33 0 [Note] C:\xampp\mysql\bin\mysqld.exe: ready for connections.
Version: '10.4.11-MariaDB'  socket: ''  port: 3306  mariadb.org binary distribution
2020-04-16 12:34:27 0 [Note] C:\xampp\mysql\bin\mysqld.exe (initiated by: unknown): Normal shutdown
2020-04-16 12:34:27 0 [Note] InnoDB: FTS optimize thread exiting.
2020-04-16 12:34:27 0 [Note] Event Scheduler: Purging the queue. 0 events
2020-04-16 12:34:30 0 [Note] InnoDB: Starting shutdown...
2020-04-16 12:34:30 0 [Note] InnoDB: Dumping buffer pool(s) to C:\xampp\mysql\data\ib_buffer_pool
2020-04-16 12:34:30 0 [Note] InnoDB: Instance 0, restricted to 250 pages due to innodb_buf_pool_dump_pct=25
2020-04-16 12:34:30 0 [Note] InnoDB: Buffer pool(s) dump completed at 200416 12:34:30
2020-04-16 12:34:31 0 [Note] InnoDB: Shutdown completed; log sequence number 449690; transaction id 495
2020-04-16 12:34:31 0 [Note] InnoDB: Removed temporary tablespace data file: "ibtmp1"
2020-04-16 12:34:31 0 [Note] C:\xampp\mysql\bin\mysqld.exe: Shutdown complete

InnoDB: using atomic writes.
2020-04-16 20:15:10 0 [Note] InnoDB: Mutexes and rw_locks use Windows interlocked functions
2020-04-16 20:15:10 0 [Note] InnoDB: Uses event mutexes
2020-04-16 20:15:10 0 [Note] InnoDB: Compressed tables use zlib 1.2.11
2020-04-16 20:15:10 0 [Note] InnoDB: Number of pools: 1
2020-04-16 20:15:10 0 [Note] InnoDB: Using SSE2 crc32 instructions
2020-04-16 20:15:11 0 [Note] InnoDB: Initializing buffer pool, total size = 16M, instances = 1, chunk size = 16M
2020-04-16 20:15:11 0 [Note] InnoDB: Completed initialization of buffer pool
2020-04-16 20:15:11 0 [Note] InnoDB: 128 out of 128 rollback segments are active.
2020-04-16 20:15:11 0 [Note] InnoDB: Creating shared tablespace for temporary tables
2020-04-16 20:15:11 0 [Note] InnoDB: Setting file 'C:\xampp\mysql\data\ibtmp1' size to 12 MB. Physically writing the file full; Please wait ...
2020-04-16 20:15:11 0 [Note] InnoDB: File 'C:\xampp\mysql\data\ibtmp1' size is now 12 MB.
2020-04-16 20:15:11 0 [Note] InnoDB: Waiting for purge to start
2020-04-16 20:15:11 0 [Note] InnoDB: 10.4.11 started; log sequence number 449690; transaction id 497
2020-04-16 20:15:11 0 [Note] InnoDB: Loading buffer pool(s) from C:\xampp\mysql\data\ib_buffer_pool
2020-04-16 20:15:11 0 [Note] Plugin 'FEEDBACK' is disabled.
2020-04-16 20:15:12 0 [Note] Server socket created on IP: '::'.
2020-04-16 20:15:12 0 [Note] InnoDB: Buffer pool(s) load completed at 200416 20:15:12
2020-04-16 20:15:12 0 [Note] Reading of all Master_info entries succeeded
2020-04-16 20:15:12 0 [Note] Added new Master_info '' to hash table
2020-04-16 20:15:12 0 [Note] C:\xampp\mysql\bin\mysqld.exe: ready for connections.
Version: '10.4.11-MariaDB'  socket: ''  port: 3306  mariadb.org binary distribution
2020-04-16 22:02:32 0 [Note] C:\xampp\mysql\bin\mysqld.exe (initiated by: unknown): Normal shutdown
2020-04-16 22:02:32 0 [Note] InnoDB: FTS optimize thread exiting.
2020-04-16 22:02:32 0 [Note] Event Scheduler: Purging the queue. 0 events
2020-04-16 22:02:32 0 [Note] InnoDB: Starting shutdown...
2020-04-16 22:02:32 0 [Note] InnoDB: Dumping buffer pool(s) to C:\xampp\mysql\data\ib_buffer_pool
2020-04-16 22:02:32 0 [Note] InnoDB: Instance 0, restricted to 250 pages due to innodb_buf_pool_dump_pct=25
2020-04-16 22:02:32 0 [Note] InnoDB: Buffer pool(s) dump completed at 200416 22:02:32
2020-04-16 22:02:33 0 [Note] InnoDB: Shutdown completed; log sequence number 471617; transaction id 604
2020-04-16 22:02:33 0 [Note] InnoDB: Removed temporary tablespace data file: "ibtmp1"
2020-04-16 22:02:33 0 [Note] C:\xampp\mysql\bin\mysqld.exe: Shutdown complete

InnoDB: using atomic writes.
2020-04-17 15:37:07 0 [Note] InnoDB: Mutexes and rw_locks use Windows interlocked functions
2020-04-17 15:37:07 0 [Note] InnoDB: Uses event mutexes
2020-04-17 15:37:07 0 [Note] InnoDB: Compressed tables use zlib 1.2.11
2020-04-17 15:37:07 0 [Note] InnoDB: Number of pools: 1
2020-04-17 15:37:07 0 [Note] InnoDB: Using SSE2 crc32 instructions
2020-04-17 15:37:07 0 [Note] InnoDB: Initializing buffer pool, total size = 16M, instances = 1, chunk size = 16M
2020-04-17 15:37:07 0 [Note] InnoDB: Completed initialization of buffer pool
2020-04-17 15:37:07 0 [Note] InnoDB: 128 out of 128 rollback segments are active.
2020-04-17 15:37:07 0 [Note] InnoDB: Creating shared tablespace for temporary tables
2020-04-17 15:37:07 0 [Note] InnoDB: Setting file 'C:\xampp\mysql\data\ibtmp1' size to 12 MB. Physically writing the file full; Please wait ...
2020-04-17 15:37:07 0 [Note] InnoDB: File 'C:\xampp\mysql\data\ibtmp1' size is now 12 MB.
2020-04-17 15:37:07 0 [Note] InnoDB: Waiting for purge to start
2020-04-17 15:37:07 0 [Note] InnoDB: 10.4.11 started; log sequence number 471617; transaction id 606
2020-04-17 15:37:07 0 [Note] InnoDB: Loading buffer pool(s) from C:\xampp\mysql\data\ib_buffer_pool
2020-04-17 15:37:07 0 [Note] Plugin 'FEEDBACK' is disabled.
2020-04-17 15:37:08 0 [Note] Server socket created on IP: '::'.
2020-04-17 15:37:08 0 [Note] Reading of all Master_info entries succeeded
2020-04-17 15:37:08 0 [Note] Added new Master_info '' to hash table
2020-04-17 15:37:08 0 [Note] C:\xampp\mysql\bin\mysqld.exe: ready for connections.
Version: '10.4.11-MariaDB'  socket: ''  port: 3306  mariadb.org binary distribution
2020-04-17 15:37:08 0 [Note] InnoDB: Buffer pool(s) load completed at 200417 15:37:08
2020-04-17 16:58:46 0 [Note] C:\xampp\mysql\bin\mysqld.exe (initiated by: unknown): Normal shutdown
2020-04-17 16:58:46 0 [Note] InnoDB: FTS optimize thread exiting.
2020-04-17 16:58:46 0 [Note] Event Scheduler: Purging the queue. 0 events
2020-04-17 16:58:46 0 [Note] InnoDB: Starting shutdown...
2020-04-17 16:58:46 0 [Note] InnoDB: Dumping buffer pool(s) to C:\xampp\mysql\data\ib_buffer_pool
2020-04-17 16:58:46 0 [Note] InnoDB: Instance 0, restricted to 250 pages due to innodb_buf_pool_dump_pct=25
2020-04-17 16:58:46 0 [Note] InnoDB: Buffer pool(s) dump completed at 200417 16:58:46
2020-04-17 16:58:47 0 [Note] InnoDB: Shutdown completed; log sequence number 471626; transaction id 607
2020-04-17 16:58:47 0 [Note] InnoDB: Removed temporary tablespace data file: "ibtmp1"
2020-04-17 16:58:47 0 [Note] C:\xampp\mysql\bin\mysqld.exe: Shutdown complete

InnoDB: using atomic writes.
2020-09-18 14:55:59 0 [Note] InnoDB: Mutexes and rw_locks use Windows interlocked functions
2020-09-18 14:55:59 0 [Note] InnoDB: Uses event mutexes
2020-09-18 14:55:59 0 [Note] InnoDB: Compressed tables use zlib 1.2.11
2020-09-18 14:55:59 0 [Note] InnoDB: Number of pools: 1
2020-09-18 14:56:00 0 [Note] InnoDB: Using SSE2 crc32 instructions
2020-09-18 14:56:00 0 [Note] InnoDB: Initializing buffer pool, total size = 16M, instances = 1, chunk size = 16M
2020-09-18 14:56:00 0 [Note] InnoDB: Completed initialization of buffer pool
2020-09-18 14:56:00 0 [Note] InnoDB: 128 out of 128 rollback segments are active.
2020-09-18 14:56:00 0 [Note] InnoDB: Creating shared tablespace for temporary tables
2020-09-18 14:56:00 0 [Note] InnoDB: Setting file 'C:\xampp\mysql\data\ibtmp1' size to 12 MB. Physically writing the file full; Please wait ...
2020-09-18 14:56:00 0 [Note] InnoDB: File 'C:\xampp\mysql\data\ibtmp1' size is now 12 MB.
2020-09-18 14:56:00 0 [Note] InnoDB: Waiting for purge to start
2020-09-18 14:56:00 0 [Note] InnoDB: 10.4.11 started; log sequence number 471626; transaction id 606
2020-09-18 14:56:00 0 [Note] InnoDB: Loading buffer pool(s) from C:\xampp\mysql\data\ib_buffer_pool
2020-09-18 14:56:00 0 [Note] Plugin 'FEEDBACK' is disabled.
2020-09-18 14:56:01 0 [Note] Server socket created on IP: '::'.
2020-09-18 14:56:01 0 [Note] InnoDB: Buffer pool(s) load completed at 200918 14:56:01
2020-09-18 14:56:02 0 [Note] Reading of all Master_info entries succeeded
2020-09-18 14:56:02 0 [Note] Added new Master_info '' to hash table
2020-09-18 14:56:02 0 [Note] C:\xampp\mysql\bin\mysqld.exe: ready for connections.
Version: '10.4.11-MariaDB'  socket: ''  port: 3306  mariadb.org binary distribution
